<?xml version="1.0" encoding="UTF-8" standalone="no"?>
<!DOCTYPE log SYSTEM "logger.dtd">
<log>
<record>
  <date>2024-05-29T14:13:51.708818100Z</date>
  <millis>1716992031708</millis>
  <nanos>818100</nanos>
  <sequence>0</sequence>
  <logger>server.Server</logger>
  <level>SEVERE</level>
  <class>server.databaseinteraction.DataBase</class>
  <method>&lt;init&gt;</method>
  <thread>1</thread>
  <message>Connection established</message>
</record>
<record>
  <date>2024-05-29T14:13:51.741726300Z</date>
  <millis>1716992031741</millis>
  <nanos>726300</nanos>
  <sequence>1</sequence>
  <logger>server.Server</logger>
  <level>INFO</level>
  <class>server.utility.CollectionManager</class>
  <method>updateCollection</method>
  <thread>1</thread>
  <message>Collection updated successfully!</message>
</record>
<record>
  <date>2024-05-29T14:13:51.749939Z</date>
  <millis>1716992031749</millis>
  <nanos>939000</nanos>
  <sequence>2</sequence>
  <logger>server.Server</logger>
  <level>INFO</level>
  <class>server.Server</class>
  <method>openServerSocket</method>
  <thread>1</thread>
  <message>Starting the server...</message>
</record>
<record>
  <date>2024-05-29T14:13:51.752289500Z</date>
  <millis>1716992031752</millis>
  <nanos>289500</nanos>
  <sequence>3</sequence>
  <logger>server.Server</logger>
  <level>INFO</level>
  <class>server.Server</class>
  <method>openServerSocket</method>
  <thread>1</thread>
  <message>Listening port '64532'...</message>
</record>
<record>
  <date>2024-05-29T14:13:51.753789200Z</date>
  <millis>1716992031753</millis>
  <nanos>789200</nanos>
  <sequence>4</sequence>
  <logger>server.Server</logger>
  <level>INFO</level>
  <class>server.Server</class>
  <method>openServerSocket</method>
  <thread>1</thread>
  <message>The server has been successfully started.</message>
</record>
<record>
  <date>2024-05-29T14:13:59.189896300Z</date>
  <millis>1716992039189</millis>
  <nanos>896300</nanos>
  <sequence>5</sequence>
  <logger>server.Server</logger>
  <level>INFO</level>
  <class>server.Server</class>
  <method>acceptClientConnection</method>
  <thread>1</thread>
  <message>Incoming connection from /127.0.0.1</message>
</record>
